This is pdfTeX, Version 3.14159265-2.6-1.40.18 (TeX Live 2017/Debian) (preloaded format=pdflatex 2020.1.1)  23 JAN 2021 18:31
entering extended mode
 restricted \write18 enabled.
 %&-line parsing enabled.
**bookTemplate.tex
(./bookTemplate.tex
LaTeX2e <2017-04-15>
Babel <3.18> and hyphenation patterns for 7 language(s) loaded.
(/usr/share/texlive/texmf-dist/tex/latex/base/book.cls
Document Class: book 2014/09/29 v1.4h Standard LaTeX document class
(/usr/share/texlive/texmf-dist/tex/latex/base/bk10.clo
File: bk10.clo 2014/09/29 v1.4h Standard LaTeX file (size option)
)
\c@part=\count79
\c@chapter=\count80
\c@section=\count81
\c@subsection=\count82
\c@subsubsection=\count83
\c@paragraph=\count84
\c@subparagraph=\count85
\c@figure=\count86
\c@table=\count87
\abovecaptionskip=\skip41
\belowcaptionskip=\skip42
\bibindent=\dimen102
)
(/usr/share/texlive/texmf-dist/tex/latex/geometry/geometry.sty
Package: geometry 2010/09/12 v5.6 Page Geometry

(/usr/share/texlive/texmf-dist/tex/latex/graphics/keyval.sty
Package: keyval 2014/10/28 v1.15 key=value parser (DPC)
\KV@toks@=\toks14
)
(/usr/share/texlive/texmf-dist/tex/generic/oberdiek/ifpdf.sty
Package: ifpdf 2017/03/15 v3.2 Provides the ifpdf switch
)
(/usr/share/texlive/texmf-dist/tex/generic/oberdiek/ifvtex.sty
Package: ifvtex 2016/05/16 v1.6 Detect VTeX and its facilities (HO)
Package ifvtex Info: VTeX not detected.
)
(/usr/share/texlive/texmf-dist/tex/generic/ifxetex/ifxetex.sty
Package: ifxetex 2010/09/12 v0.6 Provides ifxetex conditional
)
\Gm@cnth=\count88
\Gm@cntv=\count89
\c@Gm@tempcnt=\count90
\Gm@bindingoffset=\dimen103
\Gm@wd@mp=\dimen104
\Gm@odd@mp=\dimen105
\Gm@even@mp=\dimen106
\Gm@layoutwidth=\dimen107
\Gm@layoutheight=\dimen108
\Gm@layouthoffset=\dimen109
\Gm@layoutvoffset=\dimen110
\Gm@dimlist=\toks15
)
(/usr/share/texlive/texmf-dist/tex/latex/graphics/graphicx.sty
Package: graphicx 2017/06/01 v1.1a Enhanced LaTeX Graphics (DPC,SPQR)

(/usr/share/texlive/texmf-dist/tex/latex/graphics/graphics.sty
Package: graphics 2017/06/25 v1.2c Standard LaTeX Graphics (DPC,SPQR)

(/usr/share/texlive/texmf-dist/tex/latex/graphics/trig.sty
Package: trig 2016/01/03 v1.10 sin cos tan (DPC)
)
(/usr/share/texlive/texmf-dist/tex/latex/graphics-cfg/graphics.cfg
File: graphics.cfg 2016/06/04 v1.11 sample graphics configuration
)
Package graphics Info: Driver file: pdftex.def on input line 99.

(/usr/share/texlive/texmf-dist/tex/latex/graphics-def/pdftex.def
File: pdftex.def 2018/01/08 v1.0l Graphics/color driver for pdftex
))
\Gin@req@height=\dimen111
\Gin@req@width=\dimen112
)
(/usr/share/texlive/texmf-dist/tex/latex/base/fontenc.sty
Package: fontenc 2017/04/05 v2.0i Standard LaTeX package

(/usr/share/texlive/texmf-dist/tex/latex/base/t1enc.def
File: t1enc.def 2017/04/05 v2.0i Standard LaTeX file
LaTeX Font Info:    Redeclaring font encoding T1 on input line 48.
))
(/usr/share/texlive/texmf-dist/tex/latex/psnfss/palatino.sty
Package: palatino 2005/04/12 PSNFSS-v9.2a (SPQR) 
)
(/usr/share/texlive/texmf-dist/tex/generic/babel/babel.sty
Package: babel 2018/02/14 3.18 The Babel package

(/usr/share/texlive/texmf-dist/tex/generic/babel/switch.def
File: switch.def 2018/02/14 3.18 Babel switching mechanism
)
(/usr/share/texlive/texmf-dist/tex/generic/babel-english/english.ldf
Language: english 2017/06/06 v3.3r English support from the babel system

(/usr/share/texlive/texmf-dist/tex/generic/babel/babel.def
File: babel.def 2018/02/14 3.18 Babel common definitions
\babel@savecnt=\count91
\U@D=\dimen113

(/usr/share/texlive/texmf-dist/tex/generic/babel/txtbabel.def)
\bbl@dirlevel=\count92
)
\l@british = a dialect from \language\l@english 
\l@UKenglish = a dialect from \language\l@english 
\l@canadian = a dialect from \language\l@american 
\l@australian = a dialect from \language\l@british 
\l@newzealand = a dialect from \language\l@british 
))
(./bookTemplate.aux)
\openout1 = `bookTemplate.aux'.

LaTeX Font Info:    Checking defaults for OML/cmm/m/it on input line 10.
LaTeX Font Info:    ... okay on input line 10.
LaTeX Font Info:    Checking defaults for T1/cmr/m/n on input line 10.
LaTeX Font Info:    ... okay on input line 10.
LaTeX Font Info:    Checking defaults for OT1/cmr/m/n on input line 10.
LaTeX Font Info:    ... okay on input line 10.
LaTeX Font Info:    Checking defaults for OMS/cmsy/m/n on input line 10.
LaTeX Font Info:    ... okay on input line 10.
LaTeX Font Info:    Checking defaults for OMX/cmex/m/n on input line 10.
LaTeX Font Info:    ... okay on input line 10.
LaTeX Font Info:    Checking defaults for U/cmr/m/n on input line 10.
LaTeX Font Info:    ... okay on input line 10.
LaTeX Font Info:    Try loading font information for T1+ppl on input line 10.
 (/usr/share/texlive/texmf-dist/tex/latex/psnfss/t1ppl.fd
File: t1ppl.fd 2001/06/04 font definitions for T1/ppl.
)
*geometry* driver: auto-detecting
*geometry* detected driver: pdftex
*geometry* verbose mode - [ preamble ] result:
* driver: pdftex
* paper: custom
* layout: <same size as paper>
* layoutoffset:(h,v)=(0.0pt,0.0pt)
* modes: twoside 
* h-part:(L,W,R)=(72.26999pt, 289.08002pt, 72.26999pt)
* v-part:(T,H,B)=(72.26999pt, 505.89001pt, 72.26999pt)
* \paperwidth=433.62pt
* \paperheight=650.43pt
* \textwidth=289.08002pt
* \textheight=505.89001pt
* \oddsidemargin=0.0pt
* \evensidemargin=0.0pt
* \topmargin=-30.06749pt
* \headheight=12.0pt
* \headsep=18.06749pt
* \topskip=10.0pt
* \footskip=25.29494pt
* \marginparwidth=125.0pt
* \marginparsep=7.0pt
* \columnsep=10.0pt
* \skip\footins=9.0pt plus 4.0pt minus 2.0pt
* \hoffset=0.0pt
* \voffset=0.0pt
* \mag=1000
* \@twocolumnfalse
* \@twosidetrue
* \@mparswitchtrue
* \@reversemarginfalse
* (1in=72.27pt=25.4mm, 1cm=28.453pt)

(/usr/share/texlive/texmf-dist/tex/context/base/mkii/supp-pdf.mkii
[Loading MPS to PDF converter (version 2006.09.02).]
\scratchcounter=\count93
\scratchdimen=\dimen114
\scratchbox=\box26
\nofMPsegments=\count94
\nofMParguments=\count95
\everyMPshowfont=\toks16
\MPscratchCnt=\count96
\MPscratchDim=\dimen115
\MPnumerator=\count97
\makeMPintoPDFobject=\count98
\everyMPtoPDFconversion=\toks17
) (/usr/share/texlive/texmf-dist/tex/latex/oberdiek/epstopdf-base.sty
Package: epstopdf-base 2016/05/15 v2.6 Base part for package epstopdf

(/usr/share/texlive/texmf-dist/tex/generic/oberdiek/infwarerr.sty
Package: infwarerr 2016/05/16 v1.4 Providing info/warning/error messages (HO)
)
(/usr/share/texlive/texmf-dist/tex/latex/oberdiek/grfext.sty
Package: grfext 2016/05/16 v1.2 Manage graphics extensions (HO)

(/usr/share/texlive/texmf-dist/tex/generic/oberdiek/kvdefinekeys.sty
Package: kvdefinekeys 2016/05/16 v1.4 Define keys (HO)

(/usr/share/texlive/texmf-dist/tex/generic/oberdiek/ltxcmds.sty
Package: ltxcmds 2016/05/16 v1.23 LaTeX kernel commands for general use (HO)
)))
(/usr/share/texlive/texmf-dist/tex/latex/oberdiek/kvoptions.sty
Package: kvoptions 2016/05/16 v3.12 Key value format for package options (HO)

(/usr/share/texlive/texmf-dist/tex/generic/oberdiek/kvsetkeys.sty
Package: kvsetkeys 2016/05/16 v1.17 Key value parser (HO)

(/usr/share/texlive/texmf-dist/tex/generic/oberdiek/etexcmds.sty
Package: etexcmds 2016/05/16 v1.6 Avoid name clashes with e-TeX commands (HO)

(/usr/share/texlive/texmf-dist/tex/generic/oberdiek/ifluatex.sty
Package: ifluatex 2016/05/16 v1.4 Provides the ifluatex switch (HO)
Package ifluatex Info: LuaTeX not detected.
)
Package etexcmds Info: Could not find \expanded.
(etexcmds)             That can mean that you are not using pdfTeX 1.50 or
(etexcmds)             that some package has redefined \expanded.
(etexcmds)             In the latter case, load this package earlier.
)))
(/usr/share/texlive/texmf-dist/tex/generic/oberdiek/pdftexcmds.sty
Package: pdftexcmds 2018/01/21 v0.26 Utility functions of pdfTeX for LuaTeX (HO
)
Package pdftexcmds Info: LuaTeX not detected.
Package pdftexcmds Info: \pdf@primitive is available.
Package pdftexcmds Info: \pdf@ifprimitive is available.
Package pdftexcmds Info: \pdfdraftmode found.
)
Package epstopdf-base Info: Redefining graphics rule for `.eps' on input line 4
38.
Package grfext Info: Graphics extension search list:
(grfext)             [.pdf,.png,.jpg,.mps,.jpeg,.jbig2,.jb2,.PDF,.PNG,.JPG,.JPE
G,.JBIG2,.JB2,.eps]
(grfext)             \AppendGraphicsExtensions on input line 456.

(/usr/share/texlive/texmf-dist/tex/latex/latexconfig/epstopdf-sys.cfg
File: epstopdf-sys.cfg 2010/07/13 v1.3 Configuration of (r)epstopdf for TeX Liv
e
))
[1

{/var/lib/texmf/fonts/map/pdftex/updmap/pdftex.map}] [2]
LaTeX Font Info:    Try loading font information for OMS+ppl on input line 67.

(/usr/share/texlive/texmf-dist/tex/latex/psnfss/omsppl.fd
File: omsppl.fd 
)
LaTeX Font Info:    Font shape `OMS/ppl/m/n' in size <10> not available
(Font)              Font shape `OMS/cmsy/m/n' tried instead on input line 67.
 [3]
LaTeX Font Info:    Font shape `T1/ppl/bx/n' in size <24.88> not available
(Font)              Font shape `T1/ppl/b/n' tried instead on input line 84.

(./bookTemplate.toc
LaTeX Font Info:    Font shape `T1/ppl/bx/n' in size <12> not available
(Font)              Font shape `T1/ppl/b/n' tried instead on input line 2.
LaTeX Font Info:    External font `cmex10' loaded for size
(Font)              <7> on input line 3.
LaTeX Font Info:    External font `cmex10' loaded for size
(Font)              <5> on input line 3.
 [4

])
\tf@toc=\write3
\openout3 = `bookTemplate.toc'.

 [5]
LaTeX Font Info:    Font shape `T1/ppl/bx/n' in size <20.74> not available
(Font)              Font shape `T1/ppl/b/n' tried instead on input line 86.
 [6

] (/home/bruce/git/gh/chapter1/ch1MBSComplex.tex
LaTeX Font Info:    Font shape `T1/ppl/bx/n' in size <14.4> not available
(Font)              Font shape `T1/ppl/b/n' tried instead on input line 1.
LaTeX Font Info:    Try loading font information for T1+pcr on input line 3.
(/usr/share/texlive/texmf-dist/tex/latex/psnfss/t1pcr.fd
File: t1pcr.fd 2001/06/04 font definitions for T1/pcr.
)
Overfull \hbox (514.91998pt too wide) in paragraph at lines 11--11
[]\T1/pcr/m/n/10 : a three-dimensional image reproduced from a pattern of inter
ference produced by a split coherent beam of radiation (such as a laser)[] 
 []

[7] [8] [9] [10] [11] [12]
Overfull \hbox (10.60666pt too wide) in paragraph at lines 218--231
[]\T1/ppl/m/n/10 The en-tan-gled ob-server uses a deeper in-for-ma-tion pro-ces
s, while,
 []

[13] [14] [15] [16] [17]
Overfull \hbox (1.8062pt too wide) in paragraph at lines 364--373
\T1/ppl/m/n/10 ab-so-lute is nec-es-sary to so-lid-ify con-cepts, but it can pr
e-vent greater
 []

[18] [19] [20] [21] [22] [23] [24]
Overfull \hbox (2.34663pt too wide) in paragraph at lines 572--588
[]\T1/ppl/m/n/10 Transmigration is the spir-i-tual term for leav-ing the hu-man
 form
 []

[25] [26]
Overfull \hbox (0.59633pt too wide) in paragraph at lines 631--644
\T1/ppl/m/n/10 scious pro-cess-ing power CPU of the chem-i-cal mem-ory be-ing m
ade
 []


Overfull \hbox (4.3866pt too wide) in paragraph at lines 648--671
\T1/ppl/m/n/10 netic be-lief en-gines could over-ride faith and be-come a pro-g
rammed
 []

[27] [28] [29] [30] [31]) (/home/bruce/git/gh/chapter2/chapter2.tex [32]
Overfull \hbox (8.28632pt too wide) in paragraph at lines 3--9
\T1/ppl/m/n/10 There's a spe-cific fe-tus agenda life-time to life-time. The \T
1/ppl/m/it/10 avatar \T1/ppl/m/n/10 agenda
 []

[33]
Overfull \hbox (10.43646pt too wide) in paragraph at lines 35--42
\T1/ppl/m/n/10 merce through ce-les-tial minds, us-ing ce-les-tial medi-ums as 
the guides
 []

[34]
Overfull \hbox (0.80649pt too wide) in paragraph at lines 66--72
\T1/ppl/m/n/10 prac-tice, which be-comes a monthly prac-tice, a yearly prac-tic
e, then
 []

[35]
Overfull \hbox (18.02661pt too wide) in paragraph at lines 120--133
\T1/ppl/m/n/10 al-low-ing ev-ery-one to un-der-stand the com-mon mes-sages. The
 seventh-
 []

[36] [37] [38] [39]
Overfull \hbox (256.91998pt too wide) in paragraph at lines 247--247
[]\T1/pcr/m/n/10 One generation passeth away, and another generation cometh: bu
t the earth abideth for ever.[] 
 []

[40] [41] [42] [43]
Overfull \hbox (6.20723pt too wide) in paragraph at lines 358--372
\T1/ppl/m/n/10 Women can see through this eye in the same man-ner we see throug
h
 []


Overfull \hbox (13.65666pt too wide) in paragraph at lines 373--383
[]\T1/ppl/m/n/10 Menstruation con-tin-ues af-ter menopause. Women still go thro
ugh
 []


Overfull \hbox (2.58589pt too wide) in paragraph at lines 373--383
\T1/ppl/m/n/10 the cy-cle with-out blood. The fer-til-ity spir-its at-tached to
 menopause
 []


Overfull \hbox (4.13733pt too wide) in paragraph at lines 384--398
[]\T1/ppl/m/n/10 Hot flashes can hap-pen when an al-ter-nate ver-sion of the wo
man
 []

[44]
Overfull \hbox (0.39674pt too wide) in paragraph at lines 411--418
[]\T1/ppl/m/n/10 The fatty de-posits around the mid-line dur-ing menopause serv
e
 []

[45] [46] [47]
Overfull \hbox (0.21661pt too wide) in paragraph at lines 492--499
\T1/ppl/m/n/10 our post-modern hu-man life --- the dys-func-tional re-la-tion-s
hip. Re-
 []

[48] [49]
Overfull \hbox (4.8349pt too wide) in paragraph at lines 565--576
\T1/ppl/m/n/10 medium --- \T1/ppl/m/it/10 I trans-fer the all-ness of my-self t
o be-come the ce-les-tial medium.
 []

[50] [51]
Overfull \hbox (100.91998pt too wide) in paragraph at lines 606--606
[]\T1/pcr/m/n/10 an evolutionary process — an integral function of the univer
se.[] 
 []

[52]
Overfull \hbox (0.26682pt too wide) in paragraph at lines 657--671
[]\T1/ppl/m/n/10 The for-got-ten selves are part of your for-got-ten work-force
. They
 []


Overfull \hbox (1.24603pt too wide) in paragraph at lines 657--671
\T1/ppl/m/n/10 for-got-ten selves will in-te-grate with your pre-cog-ni-tive an
d postcog-
 []

[53] [54] [55] [56] [57]
Overfull \hbox (30.55669pt too wide) in paragraph at lines 798--818
[]\T1/ppl/m/n/10 We want va-gus nerve, sym-pa-thetic, and parasym-pa-thetic sov
ereignty.
 []

[58] [59] [60] [61]
Overfull \hbox (4.367pt too wide) in paragraph at lines 922--929
[]\T1/ppl/m/n/10 Bystanders some-times ac-com-pany the soul when meet-ing loved

 []

[62] [63] [64] [65] [66] [67] [68] [69] [70] [71] [72] [73] [74] [75])
(/home/bruce/git/gh/chapter3/chapter3.tex
Overfull \hbox (6.62675pt too wide) in paragraph at lines 3--22
\T1/ppl/m/n/10 The sys-tem ac-ti-vates around the rule pa-ram-e-ters. Nu-mer-ou
s classes
 []

[76]
Overfull \hbox (2.69691pt too wide) in paragraph at lines 25--38
\T1/ppl/m/n/10 tries, na-tions, and space sta-tions re-paired, self-updating, a
nd clean.
 []

[77] [78] [79]

LaTeX Warning: File `media/image1.jpeg' not found on input line 125.


! Package pdftex.def Error: File `media/image1.jpeg' not found: using draft set
ting.

See the pdftex.def package documentation for explanation.
Type  H <return>  for immediate help.
 ...                                              
                                                  
l.125 ...67in,height=4.62361in]{media/image1.jpeg}
                                                  
? r
OK, entering \nonstopmode...

Overfull \hbox (46.82379pt too wide) in paragraph at lines 130--130
[]\T1/ppl/b/n/14.4 EARTH NOU-VEAU -- IN-SPI-RA-TION TABLET 
 []

LaTeX Font Info:    Font shape `T1/ppl/bx/n' in size <10> not available
(Font)              Font shape `T1/ppl/b/n' tried instead on input line 133.
[80] [81]
Overfull \hbox (4.17532pt too wide) in paragraph at lines 147--149
[]\T1/ppl/m/n/10 Reg Mem-bers SPIR-I-TUAL COURT OF AL-CHEM-I-CAL EQ-UITY
 []

! Undefined control sequence.
l.150 \href
           {http://www.earthnouveau.com/}{\textbf{\emph{www.earthnouveau.com}}}
The control sequence at the end of the top line
of your error message was never \def'ed. If you have
misspelled it (e.g., `\hobx'), type `I' and the correct
spelling (e.g., `I\hbox'). Otherwise just continue,
and I'll forget about whatever was undefined.

LaTeX Font Info:    Font shape `T1/ppl/bx/it' in size <10> not available
(Font)              Font shape `T1/ppl/b/it' tried instead on input line 150.
[82] [83] [84]
! Undefined control sequence.
l.270 \tightlist
                
The control sequence at the end of the top line
of your error message was never \def'ed. If you have
misspelled it (e.g., `\hobx'), type `I' and the correct
spelling (e.g., `I\hbox'). Otherwise just continue,
and I'll forget about whatever was undefined.

! Undefined control sequence.
l.286 \tightlist
                
The control sequence at the end of the top line
of your error message was never \def'ed. If you have
misspelled it (e.g., `\hobx'), type `I' and the correct
spelling (e.g., `I\hbox'). Otherwise just continue,
and I'll forget about whatever was undefined.

[85]
Overfull \hbox (1.87726pt too wide) in paragraph at lines 309--315
[]\T1/ppl/b/n/10 A: \T1/ppl/m/n/10 It was orig-i-nal meant as a ge-netic map-pi
ng pro-gram through
 []


Overfull \hbox (12.95595pt too wide) in paragraph at lines 309--315
\T1/ppl/m/n/10 WORLD ob-ser-va-tion tool to track and seed all Hu-man DNA throu
gh-
 []

[86] [87]
Overfull \hbox (2.98694pt too wide) in paragraph at lines 391--396
\T1/ppl/m/n/10 troller's con-trol is-sues the data is nowa-days mis-used and di
s-torted. 
 []

[88]
Overfull \hbox (7.10649pt too wide) in paragraph at lines 445--450
\T1/ppl/m/n/10 mas-ter YB that was de-stroyed that would have al-lowed an overv
iew
 []

[89]
Overfull \hbox (1.52682pt too wide) in paragraph at lines 479--484
[]\T1/ppl/b/n/10 A: \T1/ppl/m/n/10 They use it as a pre-dic-tion model to en-su
re the sur-face global
 []

[90]
Overfull \hbox (2.2267pt too wide) in paragraph at lines 512--516
\T1/ppl/m/n/10 holo-graphic sur-face and the mat-ter based sur-face to a cer-ta
in point.
 []

[91] [92]
Overfull \hbox (2.32655pt too wide) in paragraph at lines 576--580
[]\T1/ppl/b/n/10 A: \T1/ppl/m/n/10 Tech-ni-cally yes, through mi-cro tele-por-t
a-tion, change in time-
 []


Overfull \hbox (6.48584pt too wide) in paragraph at lines 576--580
\T1/ppl/m/n/10 evo-lu-tion virus, through forced high level cross DNA lin-eage 
breed-
 []

[93]
LaTeX Font Info:    Font shape `T1/ppl/bx/n' in size <7> not available
(Font)              Font shape `T1/ppl/b/n' tried instead on input line 634.
 [94]
! Undefined control sequence.
l.671 {[}\protect\hypertarget
                             {hlk31633551}{}{}{]}\{\#\_Hlk31633551 .anchor\}
The control sequence at the end of the top line
of your error message was never \def'ed. If you have
misspelled it (e.g., `\hobx'), type `I' and the correct
spelling (e.g., `I\hbox'). Otherwise just continue,
and I'll forget about whatever was undefined.

[95] [96]) [97] (/home/bruce/git/gh/chapter4/chapter4.tex [98] [99]
Overfull \hbox (2.0868pt too wide) in paragraph at lines 81--94
\T1/ppl/m/n/10 equa-tions for the pur-pose of forc-ing a match no mat-ter how m
inute
 []

[100] [101] [102] [103] [104] [105] [106] [107] [108] [109] [110])
(/home/bruce/git/gh/chapter5/chapter5.tex
Overfull \hbox (7.85687pt too wide) in paragraph at lines 3--16
\T1/ppl/m/n/10 This can hap-pen alone or in groups ca-pa-ble of pure syn-ergy. 
Growth
 []


Overfull \hbox (2.35681pt too wide) in paragraph at lines 3--16
\T1/ppl/m/n/10 is re-flected in the evo-lu-tion of an agenda agreed upon over a
 longer
 []

[111] [112] [113]
Overfull \hbox (0.15746pt too wide) in paragraph at lines 90--97
\T1/ppl/m/n/10 bad. We need to choose. These are stan-dard con-cep-tions of gro
wth
 []

[114] [115] [116]
Overfull \hbox (18.98615pt too wide) in paragraph at lines 184--200
\T1/ppl/m/n/10 the tech-nol-ogy of the founders. We're sup-posed to be self-ent
ertaining,
 []


Overfull \hbox (0.21648pt too wide) in paragraph at lines 184--200
\T1/ppl/m/n/10 time, the con-text within which our in-nate abil-i-ties grow and
 adapt.
 []


Overfull \hbox (2.3064pt too wide) in paragraph at lines 184--200
\T1/ppl/m/n/10 ap-ple is an-other con-trol sys-tem to limit men's sovereignty. 
It works
 []

[117] [118] [119] [120] [121] [122]
Overfull \hbox (1.53714pt too wide) in paragraph at lines 375--384
[]\T1/ppl/m/n/10 The re-ver-sal of the false idea of ad-vanced tech-nol-ogy bas
-tardiz-
 []

[123]
Overfull \hbox (1.00659pt too wide) in paragraph at lines 405--414
\T1/ppl/m/n/10 ally avail-able medicine and the end of phar-ma-ceu-ti-cal cor-p
o-ratism
 []


Overfull \hbox (13.8269pt too wide) in paragraph at lines 415--422
\T1/ppl/m/n/10 to a true syn-er-gis-tic democ-racy. The bank-ing sys-tem was we
aponized
 []

[124]
LaTeX Font Info:    External font `cmex10' loaded for size
(Font)              <8> on input line 423.
LaTeX Font Info:    External font `cmex10' loaded for size
(Font)              <6> on input line 423.
 [125] [126] [127]) [128] [129

]
</home/bruce/Pictures/star/bruce.jpg, id=420, 216.81pt x 271.0125pt>
File: /home/bruce/Pictures/star/bruce.jpg Graphic file (type jpg)
<use /home/bruce/Pictures/star/bruce.jpg>
Package pdftex.def Info: /home/bruce/Pictures/star/bruce.jpg  used on input lin
e 124.
(pdftex.def)             Requested size: 108.40472pt x 135.5059pt.
 [130 </home/bruce/Pictures/star/bruce.jpg>] (./bookTemplate.aux)

LaTeX Warning: Label(s) may have changed. Rerun to get cross-references right.

 ) 
Here is how much of TeX's memory you used:
 2861 strings out of 494847
 39797 string characters out of 6179081
 106563 words of memory out of 5000000
 6099 multiletter control sequences out of 15000+600000
 32540 words of font info for 56 fonts, out of 8000000 for 9000
 59 hyphenation exceptions out of 8191
 41i,8n,32p,529b,310s stack positions out of 5000i,500n,10000p,200000b,80000s
{/usr/share/texlive/texmf-dist/fonts/enc/dvips/base/8r.enc}</usr/share/texliv
e/texmf-dist/fonts/type1/public/amsfonts/cm/cmsy10.pfb></usr/share/texlive/texm
f-dist/fonts/type1/urw/courier/ucrr8a.pfb></usr/share/texlive/texmf-dist/fonts/
type1/urw/palatino/uplb8a.pfb></usr/share/texlive/texmf-dist/fonts/type1/urw/pa
latino/uplbi8a.pfb></usr/share/texlive/texmf-dist/fonts/type1/urw/palatino/uplr
8a.pfb></usr/share/texlive/texmf-dist/fonts/type1/urw/palatino/uplr8a.pfb></usr
/share/texlive/texmf-dist/fonts/type1/urw/palatino/uplri8a.pfb>
Output written on bookTemplate.pdf (130 pages, 362964 bytes).
PDF statistics:
 454 PDF objects out of 1000 (max. 8388607)
 310 compressed objects within 4 object streams
 0 named destinations out of 1000 (max. 500000)
 6 words of extra memory for PDF output out of 10000 (max. 10000000)

